<?xml version="1.0" encoding="UTF-8"?>
<!-- Generated by org.testng.reporters.JUnitReportReporter -->
<testsuite skipped="0" hostname="DESKTOP-V3QG482" name="com.myStore.testCases.TC_LoginDDT_002" tests="5" failures="0" timestamp="20 Jan 2020 09:14:52 GMT" time="0.982" errors="0">
  <testcase name="loginDDT" time="0.169" classname="com.myStore.testCases.TC_LoginDDT_002"/>
  <testcase name="loginDDT" time="0.321" classname="com.myStore.testCases.TC_LoginDDT_002"/>
  <testcase name="loginDDT" time="0.167" classname="com.myStore.testCases.TC_LoginDDT_002"/>
  <testcase name="loginDDT" time="0.167" classname="com.myStore.testCases.TC_LoginDDT_002"/>
  <testcase name="loginDDT" time="0.158" classname="com.myStore.testCases.TC_LoginDDT_002"/>
</testsuite> <!-- com.myStore.testCases.TC_LoginDDT_002 -->
