<?xml version="1.0" encoding="UTF-8"?>
<!-- Generated by org.testng.reporters.JUnitReportReporter -->
<testsuite skipped="0" hostname="DESKTOP-V3QG482" name="com.myStore.testCases.TC_LoginTest_001" tests="1" failures="0" timestamp="20 Jan 2020 09:58:49 GMT" time="10.817" errors="0">
  <testcase name="SelectTopFromHomePage" time="10.817" classname="com.myStore.testCases.TC_LoginTest_001"/>
</testsuite> <!-- com.myStore.testCases.TC_LoginTest_001 -->
