<?xml version="1.0" encoding="UTF-8"?>
<!-- Generated by org.testng.reporters.JUnitReportReporter -->
<testsuite skipped="0" hostname="DESKTOP-V3QG482" name="com.myStore.testCases.TC_LoginTest_002" tests="1" failures="0" timestamp="20 Jan 2020 10:44:23 GMT" time="23.484" errors="0">
  <testcase name="SelectTopFromHomePage_AfterLogin" time="23.484" classname="com.myStore.testCases.TC_LoginTest_002"/>
</testsuite> <!-- com.myStore.testCases.TC_LoginTest_002 -->
